<?xml version="1.0" encoding="UTF-8"?>
<testsuite name="com.example.FinancialFinancialStatisticsTest" tests="5" skipped="0" failures="0" errors="0" timestamp="2025-11-17T22:57:51" hostname="PIOTRUNIA" time="0.015">
  <properties/>
  <testcase name="oneEmployeeTest()" classname="com.example.FinancialFinancialStatisticsTest" time="0.001"/>
  <testcase name="averageSalaryTest()" classname="com.example.FinancialFinancialStatisticsTest" time="0.003"/>
  <testcase name="shouldReturnFirstAddedEmployeeWithHighestSalaryWhenMultiple()" classname="com.example.FinancialFinancialStatisticsTest" time="0.005"/>
  <testcase name="salaryConsistencyTest()" classname="com.example.FinancialFinancialStatisticsTest" time="0.002"/>
  <testcase name="highestSalaryTest()" classname="com.example.FinancialFinancialStatisticsTest" time="0.001"/>
  <system-out><![CDATA[]]></system-out>
  <system-err><![CDATA[]]></system-err>
</testsuite>
