<?xml version="1.0" encoding="UTF-8"?>
<testsuite name="com.example.lab3_tests.noEmployeeTest" tests="2" skipped="0" failures="0" errors="0" timestamp="2025-11-30T20:51:32" hostname="PIOTRUNIA" time="0.002">
  <properties/>
  <testcase name="oneEmployeeTest()" classname="com.example.lab3_tests.noEmployeeTest" time="0.001"/>
  <testcase name="noEmployeeTest()" classname="com.example.lab3_tests.noEmployeeTest" time="0.001"/>
  <system-out><![CDATA[]]></system-out>
  <system-err><![CDATA[]]></system-err>
</testsuite>
