<?xml version="1.0" encoding="UTF-8"?>
<testsuite name="com.example.lab3_tests.CompanyStatisticsTest" tests="3" skipped="0" failures="0" errors="0" timestamp="2025-11-30T20:51:31" hostname="PIOTRUNIA" time="0.025">
  <properties/>
  <testcase name="EmployeeService_CompanyStatistics_IntegrationTest()" classname="com.example.lab3_tests.CompanyStatisticsTest" time="0.008"/>
  <testcase name="Should not add null employee to CompanyStatistics" classname="com.example.lab3_tests.CompanyStatisticsTest" time="0.001"/>
  <testcase name="testCompanyStatisticsToStringTest()" classname="com.example.lab3_tests.CompanyStatisticsTest" time="0.015"/>
  <system-out><![CDATA[Apple		Number of employees:	 2		Average salary:	 5011.5		Highest salary:	 10000.0, Ala Aronia
]]></system-out>
  <system-err><![CDATA[]]></system-err>
</testsuite>
