<?xml version="1.0" encoding="UTF-8"?>
<testsuite name="com.example.lab3_tests.AnalyticalOperationsTest" tests="5" skipped="0" failures="0" errors="0" timestamp="2025-11-30T20:51:31" hostname="PIOTRUNIA" time="0.021">
  <properties/>
  <testcase name="groupByPositionTest()" classname="com.example.lab3_tests.AnalyticalOperationsTest" time="0.009"/>
  <testcase name="findByCompanyTest()" classname="com.example.lab3_tests.AnalyticalOperationsTest" time="0.002"/>
  <testcase name="sortBySurnameTest()" classname="com.example.lab3_tests.AnalyticalOperationsTest" time="0.001"/>
  <testcase name="noEmployeeTest()" classname="com.example.lab3_tests.AnalyticalOperationsTest" time="0.002"/>
  <testcase name="countByPositionTest()" classname="com.example.lab3_tests.AnalyticalOperationsTest" time="0.003"/>
  <system-out><![CDATA[]]></system-out>
  <system-err><![CDATA[]]></system-err>
</testsuite>
